<?xml version="1.0" encoding="UTF-8"?>
<robot generator="Robot 3.2.1 (Python 3.8.3 on win32)" generated="20200623 17:22:50.403" rpa="false">
<suite id="s1" name="NewRobotProject" source="C:\Users\VeenaA\eclipse-workspace\NewRobotProject">
<suite id="s1-s1" name="Test" source="C:\Users\VeenaA\eclipse-workspace\NewRobotProject\Test">
<suite id="s1-s1-s1" name="TestSuite1" source="C:\Users\VeenaA\eclipse-workspace\NewRobotProject\Test\TestSuite1.robot">
<kw name="Log" library="BuiltIn" type="setup">
<doc>Logs the given message with the given level.</doc>
<arguments>
<arg>Inside TestSuite</arg>
</arguments>
<msg timestamp="20200623 17:22:50.714" level="INFO">Inside TestSuite</msg>
<status status="PASS" starttime="20200623 17:22:50.713" endtime="20200623 17:22:50.714"></status>
</kw>
<test id="s1-s1-s1-t1" name="MyFirstTest">
<kw name="Log" library="BuiltIn" type="setup">
<doc>Logs the given message with the given level.</doc>
<arguments>
<arg>Inside Test</arg>
</arguments>
<msg timestamp="20200623 17:22:50.716" level="INFO">Inside Test</msg>
<status status="PASS" starttime="20200623 17:22:50.716" endtime="20200623 17:22:50.717"></status>
</kw>
<kw name="Log" library="BuiltIn">
<doc>Logs the given message with the given level.</doc>
<arguments>
<arg>Welcome To RobotFramework...</arg>
</arguments>
<msg timestamp="20200623 17:22:50.717" level="INFO">Welcome To RobotFramework...</msg>
<status status="PASS" starttime="20200623 17:22:50.717" endtime="20200623 17:22:50.718"></status>
</kw>
<kw name="Log" library="BuiltIn" type="teardown">
<doc>Logs the given message with the given level.</doc>
<arguments>
<arg>Inside Test Teardown</arg>
</arguments>
<msg timestamp="20200623 17:22:50.718" level="INFO">Inside Test Teardown</msg>
<status status="PASS" starttime="20200623 17:22:50.718" endtime="20200623 17:22:50.718"></status>
</kw>
<status status="PASS" starttime="20200623 17:22:50.715" endtime="20200623 17:22:50.719" critical="yes"></status>
</test>
<test id="s1-s1-s1-t2" name="FirstSeleniumTest">
<kw name="Log" library="BuiltIn" type="setup">
<doc>Logs the given message with the given level.</doc>
<arguments>
<arg>Inside Test</arg>
</arguments>
<msg timestamp="20200623 17:22:50.721" level="INFO">Inside Test</msg>
<status status="PASS" starttime="20200623 17:22:50.720" endtime="20200623 17:22:50.721"></status>
</kw>
<kw name="Open Browser" library="SeleniumLibrary">
<doc>Opens a new browser instance to the optional ``url``.</doc>
<arguments>
<arg>https://enod-dev1.fa.em2.oraclecloud.com/</arg>
<arg>chrome</arg>
</arguments>
<msg timestamp="20200623 17:22:50.722" level="INFO">Opening browser 'chrome' to base url 'https://enod-dev1.fa.em2.oraclecloud.com/'.</msg>
<status status="PASS" starttime="20200623 17:22:50.722" endtime="20200623 17:23:01.662"></status>
</kw>
<kw name="Set Browser Implicit Wait" library="SeleniumLibrary">
<doc>Sets the implicit wait value used by Selenium.</doc>
<arguments>
<arg>20</arg>
</arguments>
<status status="PASS" starttime="20200623 17:23:01.665" endtime="20200623 17:23:01.679"></status>
</kw>
<kw name="Input Text" library="SeleniumLibrary">
<doc>Types the given ``text`` into the text field identified by ``locator``.</doc>
<arguments>
<arg>id=userid</arg>
<arg>Veena.Anto@resmed.com</arg>
</arguments>
<msg timestamp="20200623 17:23:01.683" level="INFO">Typing text 'Veena.Anto@resmed.com' into text field 'id=userid'.</msg>
<status status="PASS" starttime="20200623 17:23:01.680" endtime="20200623 17:23:01.862"></status>
</kw>
<kw name="Input Text" library="SeleniumLibrary">
<doc>Types the given ``text`` into the text field identified by ``locator``.</doc>
<arguments>
<arg>id=password</arg>
<arg>Resmed123</arg>
</arguments>
<msg timestamp="20200623 17:23:01.864" level="INFO">Typing text 'Resmed123' into text field 'id=password'.</msg>
<status status="PASS" starttime="20200623 17:23:01.863" endtime="20200623 17:23:01.992"></status>
</kw>
<kw name="Click Button" library="SeleniumLibrary">
<doc>Clicks the button identified by ``locator``.</doc>
<arguments>
<arg>id=btnActive</arg>
</arguments>
<msg timestamp="20200623 17:23:01.993" level="INFO">Clicking button 'id=btnActive'.</msg>
<status status="PASS" starttime="20200623 17:23:01.993" endtime="20200623 17:23:06.844"></status>
</kw>
<kw name="Wait Until Page Contains" library="SeleniumLibrary">
<doc>Waits until ``text`` appears on the current page.</doc>
<arguments>
<arg>Welcome</arg>
</arguments>
<status status="PASS" starttime="20200623 17:23:06.846" endtime="20200623 17:23:06.864"></status>
</kw>
<kw name="Title Should Be" library="SeleniumLibrary">
<doc>Verifies that the current page title equals ``title``.</doc>
<arguments>
<arg>Welcome</arg>
<arg>Page Title Verified</arg>
</arguments>
<msg timestamp="20200623 17:23:06.870" level="INFO">Page title is 'Welcome'.</msg>
<status status="PASS" starttime="20200623 17:23:06.865" endtime="20200623 17:23:06.871"></status>
</kw>
<kw name="Capture Page Screenshot" library="SeleniumLibrary">
<doc>Takes a screenshot of the current page and embeds it into a log file.</doc>
<arguments>
<arg>WelcomePage.png</arg>
</arguments>
<msg timestamp="20200623 17:23:07.221" level="INFO" html="yes">&lt;/td&gt;&lt;/tr&gt;&lt;tr&gt;&lt;td colspan="3"&gt;&lt;a href="WelcomePage.png"&gt;&lt;img src="WelcomePage.png" width="800px"&gt;&lt;/a&gt;</msg>
<status status="PASS" starttime="20200623 17:23:06.871" endtime="20200623 17:23:07.221"></status>
</kw>
<kw name="Click Element" library="SeleniumLibrary">
<doc>Click the element identified by ``locator``.</doc>
<arguments>
<arg>xpath=//*[name()='path' and contains(@class,'svg-icon03')]</arg>
</arguments>
<msg timestamp="20200623 17:23:07.222" level="INFO">Clicking element 'xpath=//*[name()='path' and contains(@class,'svg-icon03')]'.</msg>
<status status="PASS" starttime="20200623 17:23:07.222" endtime="20200623 17:23:07.310"></status>
</kw>
<kw name="Click Element" library="SeleniumLibrary">
<doc>Click the element identified by ``locator``.</doc>
<arguments>
<arg>id=pt1:nv_itemNode_manager_resources_manage_users</arg>
</arguments>
<msg timestamp="20200623 17:23:07.310" level="INFO">Clicking element 'id=pt1:nv_itemNode_manager_resources_manage_users'.</msg>
<status status="PASS" starttime="20200623 17:23:07.310" endtime="20200623 17:23:13.311"></status>
</kw>
<kw name="Wait Until Page Contains Element" library="SeleniumLibrary">
<doc>Waits until the element ``locator`` appears on the current page.</doc>
<arguments>
<arg>xpath=//input[@id='_FOpt1:_FOr1:0:_FOSritemNode_manager_resources_manage_users:0:_FOTsr1:0:AP1:qq1:criterionValue0::content']</arg>
</arguments>
<status status="PASS" starttime="20200623 17:23:13.312" endtime="20200623 17:23:13.332"></status>
</kw>
<kw name="Click Element" library="SeleniumLibrary">
<doc>Click the element identified by ``locator``.</doc>
<arguments>
<arg>xpath=//input[@id='_FOpt1:_FOr1:0:_FOSritemNode_manager_resources_manage_users:0:_FOTsr1:0:AP1:qq1:criterionValue0::content']</arg>
</arguments>
<msg timestamp="20200623 17:23:13.333" level="INFO">Clicking element 'xpath=//input[@id='_FOpt1:_FOr1:0:_FOSritemNode_manager_resources_manage_users:0:_FOTsr1:0:AP1:qq1:criterionValue0::content']'.</msg>
<status status="PASS" starttime="20200623 17:23:13.333" endtime="20200623 17:23:13.520"></status>
</kw>
<kw name="Input Text" library="SeleniumLibrary">
<doc>Types the given ``text`` into the text field identified by ``locator``.</doc>
<arguments>
<arg>xpath=//input[@id='_FOpt1:_FOr1:0:_FOSritemNode_manager_resources_manage_users:0:_FOTsr1:0:AP1:qq1:criterionValue0::content']</arg>
<arg>Veena</arg>
</arguments>
<msg timestamp="20200623 17:23:13.521" level="INFO">Typing text 'Veena' into text field 'xpath=//input[@id='_FOpt1:_FOr1:0:_FOSritemNode_manager_resources_manage_users:0:_FOTsr1:0:AP1:qq1:criterionValue0::content']'.</msg>
<status status="PASS" starttime="20200623 17:23:13.520" endtime="20200623 17:23:13.622"></status>
</kw>
<kw name="Click Element" library="SeleniumLibrary">
<doc>Click the element identified by ``locator``.</doc>
<arguments>
<arg>//a[@id='_FOpt1:_FOr1:0:_FOSritemNode_manager_resources_manage_users:0:_FOTsr1:0:AP1:qq1::search_icon']</arg>
</arguments>
<msg timestamp="20200623 17:23:13.623" level="INFO">Clicking element '//a[@id='_FOpt1:_FOr1:0:_FOSritemNode_manager_resources_manage_users:0:_FOTsr1:0:AP1:qq1::search_icon']'.</msg>
<status status="PASS" starttime="20200623 17:23:13.623" endtime="20200623 17:23:13.737"></status>
</kw>
<kw name="Click Element" library="SeleniumLibrary">
<doc>Click the element identified by ``locator``.</doc>
<arguments>
<arg>xpath=//a[@id='_FOpt1:_FOr1:0:_FOSritemNode_manager_resources_manage_users:0:_FOTsr1:0:AP1:gallerySearchVOCriteriaQueryResultId:_ATp:table1:0:ot3']</arg>
</arguments>
<msg timestamp="20200623 17:23:13.737" level="INFO">Clicking element 'xpath=//a[@id='_FOpt1:_FOr1:0:_FOSritemNode_manager_resources_manage_users:0:_FOTsr1:0:AP1:gallerySearchVOCriteriaQueryResultId:_ATp:table1:0:ot3']'.</msg>
<status status="PASS" starttime="20200623 17:23:13.737" endtime="20200623 17:23:18.288"></status>
</kw>
<kw name="Log" library="BuiltIn">
<doc>Logs the given message with the given level.</doc>
<arguments>
<arg>Verify fetched User details</arg>
</arguments>
<msg timestamp="20200623 17:23:18.290" level="INFO">Verify fetched User details</msg>
<status status="PASS" starttime="20200623 17:23:18.289" endtime="20200623 17:23:18.290"></status>
</kw>
<kw name="Capture Page Screenshot" library="SeleniumLibrary">
<doc>Takes a screenshot of the current page and embeds it into a log file.</doc>
<arguments>
<arg>Userdetails_screenshot.png</arg>
</arguments>
<msg timestamp="20200623 17:23:18.760" level="INFO" html="yes">&lt;/td&gt;&lt;/tr&gt;&lt;tr&gt;&lt;td colspan="3"&gt;&lt;a href="Userdetails_screenshot.png"&gt;&lt;img src="Userdetails_screenshot.png" width="800px"&gt;&lt;/a&gt;</msg>
<status status="PASS" starttime="20200623 17:23:18.290" endtime="20200623 17:23:18.761"></status>
</kw>
<kw name="Click Element" library="SeleniumLibrary">
<doc>Click the element identified by ``locator``.</doc>
<arguments>
<arg>xpath=//span[contains(text(),'ave and Close')]</arg>
</arguments>
<msg timestamp="20200623 17:23:18.762" level="INFO">Clicking element 'xpath=//span[contains(text(),'ave and Close')]'.</msg>
<status status="PASS" starttime="20200623 17:23:18.761" endtime="20200623 17:23:24.968"></status>
</kw>
<kw name="Log" library="BuiltIn">
<doc>Logs the given message with the given level.</doc>
<arguments>
<arg>Clicked on Save button</arg>
</arguments>
<msg timestamp="20200623 17:23:24.969" level="INFO">Clicked on Save button</msg>
<status status="PASS" starttime="20200623 17:23:24.969" endtime="20200623 17:23:24.969"></status>
</kw>
<kw name="Close Browser" library="SeleniumLibrary">
<doc>Closes the current browser.</doc>
<status status="PASS" starttime="20200623 17:23:24.970" endtime="20200623 17:23:27.273"></status>
</kw>
<kw name="Log" library="BuiltIn">
<doc>Logs the given message with the given level.</doc>
<arguments>
<arg>Test Completed</arg>
</arguments>
<msg timestamp="20200623 17:23:27.277" level="INFO">Test Completed</msg>
<status status="PASS" starttime="20200623 17:23:27.275" endtime="20200623 17:23:27.278"></status>
</kw>
<kw name="Log" library="BuiltIn" type="teardown">
<doc>Logs the given message with the given level.</doc>
<arguments>
<arg>Inside Test Teardown</arg>
</arguments>
<msg timestamp="20200623 17:23:27.281" level="INFO">Inside Test Teardown</msg>
<status status="PASS" starttime="20200623 17:23:27.280" endtime="20200623 17:23:27.282"></status>
</kw>
<status status="PASS" starttime="20200623 17:22:50.719" endtime="20200623 17:23:27.283" critical="yes"></status>
</test>
<kw name="Log" library="BuiltIn" type="teardown">
<doc>Logs the given message with the given level.</doc>
<arguments>
<arg>Inside Suite Teardown</arg>
</arguments>
<msg timestamp="20200623 17:23:27.290" level="INFO">Inside Suite Teardown</msg>
<status status="PASS" starttime="20200623 17:23:27.289" endtime="20200623 17:23:27.292"></status>
</kw>
<status status="PASS" starttime="20200623 17:22:50.478" endtime="20200623 17:23:27.293"></status>
</suite>
<status status="PASS" starttime="20200623 17:22:50.473" endtime="20200623 17:23:27.309"></status>
</suite>
<status status="PASS" starttime="20200623 17:22:50.444" endtime="20200623 17:23:27.319"></status>
</suite>
<statistics>
<total>
<stat pass="2" fail="0">Critical Tests</stat>
<stat pass="2" fail="0">All Tests</stat>
</total>
<tag>
</tag>
<suite>
<stat pass="2" fail="0" id="s1" name="NewRobotProject">NewRobotProject</stat>
<stat pass="2" fail="0" id="s1-s1" name="Test">NewRobotProject.Test</stat>
<stat pass="2" fail="0" id="s1-s1-s1" name="TestSuite1">NewRobotProject.Test.TestSuite1</stat>
</suite>
</statistics>
<errors>
</errors>
</robot>
